-------------------------------------------------------------------------------
Test set: com.example.ControllerParamsTest
-------------------------------------------------------------------------------
Tests run: 1, Failures: 0, Errors: 1, Skipped: 0, Time elapsed: 0.104 s <<< FAILURE! - in com.example.ControllerParamsTest
initializationError(com.example.ControllerParamsTest)  Time elapsed: 0.015 s  <<< ERROR!
java.lang.NoClassDefFoundError: org/junit/validator/PublicClassValidator
Caused by: java.lang.ClassNotFoundException: org.junit.validator.PublicClassValidator

