<?xml version="1.0" encoding="UTF-8"?>
<testsuite xmlns:xsi="http://www.w3.org/2001/XMLSchema-instance" xsi:noNamespaceSchemaLocation="https://maven.apache.org/surefire/maven-surefire-plugin/xsd/surefire-test-report.xsd" name="com.example.ControllerTest" time="2.762" tests="7" errors="0" skipped="0" failures="0">
  <properties>
[...]
</properties>
  <testcase name="isEmployeePresentShouldReturnFalseIfEmployeeNotFound" classname="com.example.ControllerTest" time="2.269"/>
  <testcase name="isEmployeePresentShouldReturnTrueIfEmployeeFound" classname="com.example.ControllerTest" time="0.022"/>
  <testcase name="getEmployeeRankAsPerParameters{Integer, String}[1]" classname="com.example.ControllerTest" time="0.147"/>
  <testcase name="getEmployeeRankAsPerParameters{Integer, String}[2]" classname="com.example.ControllerTest" time="0.027"/>
  <testcase name="getEmployeeRankAsPerParameters{Integer, String}[3]" classname="com.example.ControllerTest" time="0.01"/>
  <testcase name="getEmpployeeByNameShouldReturnNullIfNotFound" classname="com.example.ControllerTest" time="0.032"/>
  <testcase name="getEmpployeeByNameShouldReturnEmployeeIfFound" classname="com.example.ControllerTest" time="0.006"/>
</testsuite>